<?xml version="1.0" encoding="UTF-8"?>
<testsuite name="TestLMStub" tests="1" skipped="0" failures="0" errors="0" timestamp="2024-03-18T23:23:01" hostname="callisto" time="0.296">
  <properties/>
  <testcase name="LMStubBasicTest()" classname="TestLMStub" time="0.296"/>
  <system-out><![CDATA[]]></system-out>
  <system-err><![CDATA[]]></system-err>
</testsuite>
