<?xml version="1.0" encoding="UTF-8"?>
<testsuite name="TestTextBlockNavigator" tests="2" skipped="0" failures="0" errors="0" timestamp="2024-03-18T23:23:01" hostname="callisto" time="0.197">
  <properties/>
  <testcase name="testInvalidCommand()" classname="TestTextBlockNavigator" time="0.193"/>
  <testcase name="testNavigation()" classname="TestTextBlockNavigator" time="0.003"/>
  <system-out><![CDATA[]]></system-out>
  <system-err><![CDATA[]]></system-err>
</testsuite>
