<?xml version="1.0" encoding="UTF-8"?>
<testsuite name="TestTextblock" tests="2" skipped="0" failures="0" errors="0" timestamp="2024-03-18T23:23:02" hostname="callisto" time="0.004">
  <properties/>
  <testcase name="TextblockBasicTest()" classname="TestTextblock" time="0.002"/>
  <testcase name="testDefault()" classname="TestTextblock" time="0.001"/>
  <system-out><![CDATA[]]></system-out>
  <system-err><![CDATA[]]></system-err>
</testsuite>
